<?xml version="1.0" encoding="UTF-8"?>
<!-- Generated by org.testng.reporters.JUnitReportReporter -->
<testsuite hostname="Ragavi" failures="0" tests="1" name="SeleniumTraining.SeleniumGrid.FireFoxBrowser" time="28.196" errors="0" timestamp="2024-03-07T11:20:54 IST" skipped="0">
  <testcase classname="SeleniumTraining.SeleniumGrid.FireFoxBrowser" name="firefoxTest" time="28.196"/>
</testsuite> <!-- SeleniumTraining.SeleniumGrid.FireFoxBrowser -->
