<?xml version="1.0" encoding="UTF-8"?>
<!-- Generated by org.testng.reporters.JUnitReportReporter -->
<testsuite hostname="Ragavi" failures="0" tests="1" name="SeleniumTraining.SeleniumGrid.ChromeBrowser" time="32.908" errors="0" timestamp="2024-03-07T11:20:54 IST" skipped="0">
  <testcase classname="SeleniumTraining.SeleniumGrid.ChromeBrowser" name="chromeTest" time="32.908"/>
</testsuite> <!-- SeleniumTraining.SeleniumGrid.ChromeBrowser -->
