<?xml version="1.0" encoding="UTF-8"?>
<!-- Generated by org.testng.reporters.JUnitReportReporter -->
<testsuite hostname="Ragavi" failures="0" tests="3" name="selenium.Tests.ShoppingTest" time="26.151" errors="0" timestamp="2024-02-29T09:04:29 IST" skipped="0">
  <testcase classname="selenium.Tests.ShoppingTest" name="submitOrder" time="11.226"/>
  <system-out/>
  <testcase classname="selenium.Tests.ShoppingTest" name="orderHistoryTest" time="5.788"/>
  <system-out/>
  <testcase classname="selenium.Tests.ShoppingTest" name="submitOrder" time="9.137"/>
  <system-out/>
</testsuite> <!-- selenium.Tests.ShoppingTest -->
