<?xml version="1.0" encoding="UTF-8"?>
<!-- Generated by org.testng.reporters.JUnitReportReporter -->
<testsuite hostname="Ragavi" failures="0" tests="1" name="cucumber.TestNGTestRunner" time="7.025" errors="0" timestamp="2024-03-01T19:41:03 IST" skipped="0">
  <testcase classname="cucumber.TestNGTestRunner" name="runScenario" time="7.025"/>
  <system-out/>
</testsuite> <!-- cucumber.TestNGTestRunner -->
