<?xml version="1.0" encoding="UTF-8"?>
<!-- Generated by org.testng.reporters.JUnitReportReporter -->
<testsuite hostname="Ragavi" failures="0" tests="1" name="selenium.Tests.ExtentReportsDemo" time="6.882" errors="0" timestamp="2024-02-27T15:53:48 IST" skipped="0">
  <testcase classname="selenium.Tests.ExtentReportsDemo" name="browserTest" time="6.882"/>
  <system-out/>
</testsuite> <!-- selenium.Tests.ExtentReportsDemo -->
