<?xml version="1.0" encoding="UTF-8"?>
<!-- Generated by org.testng.reporters.JUnitReportReporter -->
<testsuite hostname="Ragavi" failures="0" tests="1" name="streams.StreamsLambda" time="0.013" errors="0" timestamp="2024-02-15T16:44:49 IST" skipped="0">
  <testcase classname="streams.StreamsLambda" name="StreamsTest7" time="0.013"/>
  <system-out/>
</testsuite> <!-- streams.StreamsLambda -->
