<?xml version="1.0" encoding="UTF-8"?>
<!-- Generated by org.testng.reporters.JUnitReportReporter -->
<testsuite hostname="Ragavi" failures="0" tests="3" name="excelDriven.excelDataProvider.TestCase" time="0.013" errors="0" timestamp="2024-03-11T13:53:26 IST" skipped="0">
  <testcase classname="excelDriven.excelDataProvider.TestCase" name="printData" time="0.003"/>
  <system-out/>
  <testcase classname="excelDriven.excelDataProvider.TestCase" name="printData" time="0.005"/>
  <system-out/>
  <testcase classname="excelDriven.excelDataProvider.TestCase" name="printData" time="0.005"/>
  <system-out/>
</testsuite> <!-- excelDriven.excelDataProvider.TestCase -->
