<?xml version="1.0" encoding="UTF-8"?>
<!-- Generated by org.testng.reporters.JUnitReportReporter -->
<testsuite hostname="Ragavi" failures="0" tests="3" name="excelDriven.excelDataProvider.DataProvide" time="0.016" errors="0" timestamp="2024-03-11T12:40:19 IST" skipped="0">
  <testcase classname="excelDriven.excelDataProvider.DataProvide" name="testCase" time="0.004"/>
  <system-out/>
  <testcase classname="excelDriven.excelDataProvider.DataProvide" name="testCase" time="0.009"/>
  <system-out/>
  <testcase classname="excelDriven.excelDataProvider.DataProvide" name="testCase" time="0.003"/>
  <system-out/>
</testsuite> <!-- excelDriven.excelDataProvider.DataProvide -->
