<?xml version="1.0" encoding="UTF-8"?>
<!-- Generated by org.testng.reporters.JUnitReportReporter -->
<testsuite hostname="Ragavi" failures="0" tests="1" name="excelDriven.excelDataProvider.excelDrivenProvider" time="0.833" errors="0" timestamp="2024-03-11T13:49:51 IST" skipped="0">
  <testcase classname="excelDriven.excelDataProvider.excelDrivenProvider" name="excelData" time="0.833"/>
  <system-out/>
</testsuite> <!-- excelDriven.excelDataProvider.excelDrivenProvider -->
