<?xml version="1.0" encoding="UTF-8"?>
<!-- Generated by org.testng.reporters.JUnitReportReporter -->
<testsuite hostname="Ragavi" failures="0" tests="1" name="uploadDownloadFunctionalities.uploadDownloadFunctions.uploadDownload" time="11.530" errors="0" timestamp="2024-03-13T13:08:54 IST" skipped="0">
  <testcase classname="uploadDownloadFunctionalities.uploadDownloadFunctions.uploadDownload" name="fileUploadDownload" time="11.530"/>
  <system-out/>
</testsuite> <!-- uploadDownloadFunctionalities.uploadDownloadFunctions.uploadDownload -->
