<?xml version="1.0" encoding="UTF-8"?>
<!-- Generated by org.testng.reporters.JUnitReportReporter -->
<testsuite hostname="Ragavi" failures="0" tests="1" name="uploadDownloadFunctionalities.uploadDownloadFunctions.EditExcelData" time="0.770" errors="0" timestamp="2024-03-13T11:10:35 IST" skipped="0">
  <testcase classname="uploadDownloadFunctionalities.uploadDownloadFunctions.EditExcelData" name="getRowIndex" time="0.770"/>
  <system-out/>
</testsuite> <!-- uploadDownloadFunctionalities.uploadDownloadFunctions.EditExcelData -->
