<?xml version="1.0" encoding="UTF-8"?>
<!-- Generated by org.testng.reporters.JUnitReportReporter -->
<testsuite hostname="Ragavi" failures="0" tests="2" name="Maven.MavenJava.SeleniumTest" time="0.006" errors="0" timestamp="2024-03-15T11:05:18 IST" skipped="0">
  <testcase classname="Maven.MavenJava.SeleniumTest" name="automation" time="0.005"/>
  <testcase classname="Maven.MavenJava.SeleniumTest" name="browser" time="0.001"/>
</testsuite> <!-- Maven.MavenJava.SeleniumTest -->
