<?xml version="1.0" encoding="UTF-8"?>
<!-- Generated by org.testng.reporters.JUnitReportReporter -->
<testsuite hostname="Ragavi" failures="0" tests="2" name="Maven.MavenJava.RestAPITest" time="0.010" errors="0" timestamp="2024-03-15T11:05:18 IST" skipped="0">
  <testcase classname="Maven.MavenJava.RestAPITest" name="postman" time="0.008"/>
  <testcase classname="Maven.MavenJava.RestAPITest" name="postjira" time="0.002"/>
</testsuite> <!-- Maven.MavenJava.RestAPITest -->
