<?xml version="1.0" encoding="UTF-8"?>
<!-- Generated by org.testng.reporters.JUnitReportReporter -->
<testsuite hostname="Ragavi" failures="0" tests="2" name="selenium.Tests.ShoppingTest" time="22.222" errors="0" timestamp="2024-03-05T12:55:54 IST" skipped="0">
  <testcase classname="selenium.Tests.ShoppingTest" name="submitOrder" time="9.609"/>
  <testcase classname="selenium.Tests.ShoppingTest" name="submitOrder" time="12.613"/>
</testsuite> <!-- selenium.Tests.ShoppingTest -->
