<?xml version="1.0" encoding="UTF-8"?>
<!-- Generated by org.testng.reporters.JUnitReportReporter -->
<testsuite hostname="Ragavi" failures="0" tests="1" name="cucumber.TestNGTestRunner" time="10.826" errors="0" timestamp="2024-03-04T17:28:35 IST" skipped="0">
  <testcase classname="cucumber.TestNGTestRunner" name="runScenario" time="10.826"/>
</testsuite> <!-- cucumber.TestNGTestRunner -->
