<?xml version="1.0" encoding="UTF-8"?>
<!-- Generated by org.testng.reporters.JUnitReportReporter -->
<testsuite hostname="Ragavi" failures="0" tests="1" name="Maven.MavenJava.AppTest" time="0.013" errors="0" timestamp="2024-03-15T10:13:57 IST" skipped="0">
  <testcase classname="Maven.MavenJava.AppTest" name="shouldAnswerWithTrue" time="0.013"/>
</testsuite> <!-- Maven.MavenJava.AppTest -->
