<?xml version="1.0" encoding="UTF-8"?>
<!-- Generated by org.testng.reporters.JUnitReportReporter -->
<testsuite hostname="Ragavi" failures="0" tests="2" name="inheritance.ChildClass" time="0.008" errors="0" timestamp="2024-02-19T20:09:02 IST" skipped="0">
  <testcase classname="inheritance.ChildClass" name="childDemo" time="0.006"/>
  <system-out/>
  <testcase classname="inheritance.ChildClass" name="parentDemo" time="0.002"/>
  <system-out/>
</testsuite> <!-- inheritance.ChildClass -->
