<?xml version="1.0" encoding="UTF-8"?>
<!-- Generated by org.testng.reporters.JUnitReportReporter -->
<testsuite hostname="Ragavi" failures="0" tests="4" name="Introduction.Demo2" time="0.011" errors="0" timestamp="2024-02-19T17:50:14 IST" skipped="0">
  <testcase classname="Introduction.Demo2" name="paramDemo" time="0.005"/>
  <system-out/>
  <testcase classname="Introduction.Demo2" name="paramDemo" time="0.002"/>
  <system-out/>
  <testcase classname="Introduction.Demo2" name="paramDemo" time="0.002"/>
  <system-out/>
  <testcase classname="Introduction.Demo2" name="testdemo1" time="0.002"/>
  <system-out/>
</testsuite> <!-- Introduction.Demo2 -->
