<?xml version="1.0" encoding="UTF-8"?>
<!-- Generated by org.testng.reporters.JUnitReportReporter -->
<testsuite hostname="Ragavi" failures="0" tests="1" name="Introduction.demo" time="0.011" errors="0" timestamp="2024-02-18T15:20:36 IST" skipped="0">
  <testcase classname="Introduction.demo" name="testdemo" time="0.011"/>
  <system-out/>
</testsuite> <!-- Introduction.demo -->
