<?xml version="1.0" encoding="UTF-8"?>
<!-- Generated by org.testng.reporters.JUnitReportReporter -->
<testsuite hostname="Ragavi" failures="0" tests="2" name="inheritance.Demo2" time="0.010" errors="0" timestamp="2024-02-20T09:08:16 IST" skipped="0">
  <testcase classname="inheritance.Demo2" name="childDemo" time="0.007"/>
  <system-out/>
  <testcase classname="inheritance.Demo2" name="parentDemo" time="0.003"/>
  <system-out/>
</testsuite> <!-- inheritance.Demo2 -->
