<?xml version="1.0" encoding="UTF-8"?>
<!-- Generated by org.testng.reporters.JUnitReportReporter -->
<testsuite hostname="Ragavi" failures="0" tests="1" name="Introduction.Demo4" time="0.010" errors="0" timestamp="2024-02-19T17:50:14 IST" skipped="0">
  <testcase classname="Introduction.Demo4" name="APIhomeLoan" time="0.010"/>
  <system-out/>
</testsuite> <!-- Introduction.Demo4 -->
