<?xml version="1.0" encoding="UTF-8"?>
<!-- Generated by org.testng.reporters.JUnitReportReporter -->
<testsuite hostname="Ragavi" failures="0" tests="1" name="inheritance.ParentClass" time="0.005" errors="0" timestamp="2024-02-19T20:08:55 IST" skipped="0">
  <testcase classname="inheritance.ParentClass" name="parentDemo" time="0.005"/>
  <system-out/>
</testsuite> <!-- inheritance.ParentClass -->
