<?xml version="1.0" encoding="UTF-8"?>
<!-- Generated by org.testng.reporters.JUnitReportReporter -->
<testsuite hostname="Ragavi" failures="0" tests="2" name="Introduction.Demo3" time="0.021" errors="0" timestamp="2024-02-19T17:50:14 IST" skipped="1">
  <testcase classname="Introduction.Demo3" name="webcarLoan" time="0.021"/>
  <system-out/>
  <testcase classname="Introduction.Demo3" name="APIcarLoan">
    <skipped/>
  </testcase> <!-- APIcarLoan -->
  <system-out/>
</testsuite> <!-- Introduction.Demo3 -->
