<?xml version="1.0" encoding="UTF-8"?>
<!-- Generated by org.testng.reporters.JUnitReportReporter -->
<testsuite hostname="Ragavi" failures="0" tests="2" name="Maven.MavenJava.AppiumTest" time="0.005" errors="0" timestamp="2024-03-15T10:13:57 IST" skipped="0">
  <testcase classname="Maven.MavenJava.AppiumTest" name="android" time="0.004"/>
  <testcase classname="Maven.MavenJava.AppiumTest" name="ios" time="0.001"/>
</testsuite> <!-- Maven.MavenJava.AppiumTest -->
