<?xml version="1.0" encoding="UTF-8"?>
<!-- Generated by org.testng.reporters.JUnitReportReporter -->
<testsuite hostname="Ragavi" failures="0" tests="2" name="Maven.MavenJava.SeleniumTest" time="0.001" errors="0" timestamp="2024-03-15T10:12:48 IST" skipped="0">
  <testcase classname="Maven.MavenJava.SeleniumTest" name="automation" time="0.001"/>
  <testcase classname="Maven.MavenJava.SeleniumTest" name="browser" time="0.000"/>
</testsuite> <!-- Maven.MavenJava.SeleniumTest -->
