<?xml version="1.0" encoding="UTF-8"?>
<!-- Generated by org.testng.reporters.JUnitReportReporter -->
<testsuite hostname="Ragavi" failures="0" tests="1" name="LoginTestCase" time="9.487" errors="0" timestamp="2024-03-11T12:00:29 IST" skipped="0">
  <testcase classname="LoginTestCase" name="loginTest" time="9.487"/>
  <system-out/>
</testsuite> <!-- LoginTestCase -->
