<?xml version="1.0" encoding="UTF-8"?>
<!-- Generated by org.testng.reporters.JUnitReportReporter -->
<testsuite hostname="Ragavi" failures="0" tests="1" name="AutoITFileHandling" time="19.857" errors="0" timestamp="2024-03-13T18:18:33 IST" skipped="0">
  <testcase classname="AutoITFileHandling" name="fileAutoIT" time="19.857"/>
</testsuite> <!-- AutoITFileHandling -->
