<?xml version="1.0" encoding="UTF-8"?>
<!-- Generated by org.testng.reporters.JUnitReportReporter -->
<testsuite hostname="Ragavi" failures="0" tests="1" name="WindowAuthPopup" time="8.650" errors="0" timestamp="2024-03-22T13:05:25 IST" skipped="0">
  <testcase classname="WindowAuthPopup" name="handleWindowPopup" time="8.650"/>
</testsuite> <!-- WindowAuthPopup -->
